<?xml version="1.0" encoding="UTF-8"?>
<testng-results ignored="0" total="1" passed="1" failed="0" skipped="0">
  <reporter-output>
  </reporter-output>
  <suite started-at="2023-05-14T17:14:57 IST" name="Default suite" finished-at="2023-05-14T17:16:02 IST" duration-ms="64290">
    <groups>
    </groups>
    <test started-at="2023-05-14T17:14:57 IST" name="Default test" finished-at="2023-05-14T17:16:02 IST" duration-ms="64290">
      <class name="TestNg.pizzahut001">
        <test-method is-config="true" signature="openBrowser()[pri:0, instance:TestNg.pizzahut001@6f3f0fae]" started-at="2023-05-14T17:14:57 IST" name="openBrowser" finished-at="2023-05-14T17:15:49 IST" duration-ms="51855" status="PASS">
          <reporter-output>
          </reporter-output>
        </test-method> <!-- openBrowser -->
        <test-method signature="testExecutionPizzaHutWebPage()[pri:0, instance:TestNg.pizzahut001@6f3f0fae]" started-at="2023-05-14T17:15:49 IST" name="testExecutionPizzaHutWebPage" finished-at="2023-05-14T17:16:01 IST" duration-ms="11921" status="PASS">
          <reporter-output>
          </reporter-output>
        </test-method> <!-- testExecutionPizzaHutWebPage -->
        <test-method is-config="true" signature="testCompleted()[pri:0, instance:TestNg.pizzahut001@6f3f0fae]" started-at="2023-05-14T17:16:01 IST" name="testCompleted" finished-at="2023-05-14T17:16:02 IST" duration-ms="479" status="PASS">
          <reporter-output>
          </reporter-output>
        </test-method> <!-- testCompleted -->
      </class> <!-- TestNg.pizzahut001 -->
    </test> <!-- Default test -->
  </suite> <!-- Default suite -->
</testng-results>
